<?xml version="1.0" encoding="UTF-8"?>
<testsuite xmlns:xsi="http://www.w3.org/2001/XMLSchema-instance" xsi:noNamespaceSchemaLocation="https://maven.apache.org/surefire/maven-surefire-plugin/xsd/surefire-test-report.xsd" name="TestMybatis" time="0.652" tests="7" errors="0" skipped="0" failures="0">
  <properties>
[...]
</properties>
  <testcase name="testDeleteArray" classname="TestMybatis" time="0.369"/>
  <testcase name="testDeleteMap" classname="TestMybatis" time="0.024"/>
  <testcase name="testDeleteById" classname="TestMybatis" time="0.021"/>
  <testcase name="testDeleteList" classname="TestMybatis" time="0.034"/>
  <testcase name="testInsert" classname="TestMybatis" time="0.071"/>
  <testcase name="testSelect" classname="TestMybatis" time="0.057"/>
  <testcase name="testUpdate" classname="TestMybatis" time="0.049"/>
</testsuite>